<?xml version="1.0" encoding="UTF-8"?>
<testng-results skipped="0" failed="0" ignored="0" total="1" passed="1">
  <reporter-output>
  </reporter-output>
  <suite name="Surefire suite" duration-ms="57" started-at="2020-07-12T17:22:15 IST" finished-at="2020-07-12T17:22:15 IST">
    <groups>
    </groups>
    <test name="Surefire test" duration-ms="57" started-at="2020-07-12T17:22:15 IST" finished-at="2020-07-12T17:22:15 IST">
      <class name="BasicTest">
        <test-method status="PASS" signature="t()[pri:0, instance:BasicTest@617faa95]" name="t" duration-ms="6" started-at="2020-07-12T17:22:15 IST" finished-at="2020-07-12T17:22:15 IST">
          <reporter-output>
          </reporter-output>
        </test-method> <!-- t -->
      </class> <!-- BasicTest -->
    </test> <!-- Surefire test -->
  </suite> <!-- Surefire suite -->
</testng-results>
